[2019-10-28 16:00:04] /home/index.php?w=login&t=login&inajax=1 ( w=login&t=login ) 
ERR: Db Error: Unknown column 'invite_one' in 'where clause'
SELECT member_id FROM `lbsz_member_chain` WHERE ( invite_one = '1' ) LIMIT 1000  
[2019-10-28 16:00:04] /home/index.php?w=login&t=login&inajax=1 ( w=login&t=login ) 
ERR: Db Error: Unknown column 'invite_two' in 'where clause'
SELECT member_id FROM `lbsz_member_chain` WHERE ( invite_two = '1' ) LIMIT 1000  
[2019-10-28 16:18:23] /home/index.php?w=login&t=login&inajax=1 ( w=login&t=login ) 
ERR: Db Error: Unknown column 'invite_one' in 'where clause'
SELECT member_id FROM `lbsz_member_chain` WHERE ( invite_one = '1' ) LIMIT 1000  
[2019-10-28 16:18:23] /home/index.php?w=login&t=login&inajax=1 ( w=login&t=login ) 
ERR: Db Error: Unknown column 'invite_two' in 'where clause'
SELECT member_id FROM `lbsz_member_chain` WHERE ( invite_two = '1' ) LIMIT 1000  
[2019-10-28 16:22:54] /home/index.php?w=login&t=usersave&inajax=1 ( w=login&t=usersave ) 
ERR: Db Error: Unknown column 'invite_one' in 'where clause'
SELECT member_id FROM `lbsz_member_chain` WHERE ( invite_one = '25' ) LIMIT 1000  
[2019-10-28 16:22:54] /home/index.php?w=login&t=usersave&inajax=1 ( w=login&t=usersave ) 
ERR: Db Error: Unknown column 'invite_two' in 'where clause'
SELECT member_id FROM `lbsz_member_chain` WHERE ( invite_two = '25' ) LIMIT 1000  
[2019-10-28 16:33:23] /home/index.php?w=login&t=login&inajax=1 ( w=login&t=login ) 
ERR: Db Error: Unknown column 'invite_one' in 'where clause'
SELECT member_id FROM `lbsz_member_chain` WHERE ( invite_one = '1' ) LIMIT 1000  
[2019-10-28 16:33:23] /home/index.php?w=login&t=login&inajax=1 ( w=login&t=login ) 
ERR: Db Error: Unknown column 'invite_two' in 'where clause'
SELECT member_id FROM `lbsz_member_chain` WHERE ( invite_two = '1' ) LIMIT 1000  
